<?xml version="1.0" encoding="utf-8"?>
<TestRun id="9e62ad91-0d0a-4ef8-a725-c9cf651e991b" name="mdraiyanalam@DESKTOP-79PFN7J 2026-07-24 08:46:20" runUser="DESKTOP-79PFN7J\mdraiyanalam" xmlns="http://microsoft.com/schemas/VisualStudio/TeamTest/2010">
  <Times creation="2026-07-24T08:46:20.1278550+06:00" queuing="2026-07-24T08:46:20.1278555+06:00" start="2026-07-24T08:46:17.0438700+06:00" finish="2026-07-24T08:46:20.1577312+06:00" />
  <TestSettings name="default" id="95c6c11a-04ef-4387-b8ae-a2c1b5386eb1">
    <Deployment runDeploymentRoot="mdraiyanalam_DESKTOP-79PFN7J_2026-07-24_08_46_20" />
  </TestSettings>
  <Results>
    <UnitTestResult executionId="672ef7c9-4c78-4c68-be52-68672400ede3" testId="33ebbce0-19de-5db7-a5ae-96c365d0b37c" testName="talentacquisition_jobplacement_mvc.Tests.AccessRuleEvaluatorTests.EvaluateRules_MissingAttribute_ReturnsFalse" computerName="DESKTOP-79PFN7J" duration="00:00:00.2423022" startTime="2026-07-24T08:46:19.7864576+06:00" endTime="2026-07-24T08:46:20.0321103+06:00" testType="13cdc9d9-ddb5-4fa4-a97d-d965ccfc6d4b" outcome="Passed" testListId="8c84fa94-04c1-424b-9868-57a2d4851a1d" relativeResultsDirectory="672ef7c9-4c78-4c68-be52-68672400ede3" />
    <UnitTestResult executionId="9ba88d3f-b836-4f4c-b085-16ad201d5b3f" testId="4e0b13d5-32c0-a620-eefd-0f5938f5a43f" testName="talentacquisition_jobplacement_mvc.Tests.CVManagementTests.CVPublication_AllFieldsFilled_ShouldAllow" computerName="DESKTOP-79PFN7J" duration="00:00:00.1974562" startTime="2026-07-24T08:46:19.7880293+06:00" endTime="2026-07-24T08:46:19.9899990+06:00" testType="13cdc9d9-ddb5-4fa4-a97d-d965ccfc6d4b" outcome="Passed" testListId="8c84fa94-04c1-424b-9868-57a2d4851a1d" relativeResultsDirectory="9ba88d3f-b836-4f4c-b085-16ad201d5b3f" />
    <UnitTestResult executionId="af8bb996-2309-467a-a586-6bea08d7f67d" testId="33bf8acd-65ad-df9d-ba24-48f135eebde4" testName="talentacquisition_jobplacement_mvc.Tests.CVManagementTests.IsOneCVPerPosition_DuplicateAttempt_ShouldPrevent" computerName="DESKTOP-79PFN7J" duration="00:00:00.0003861" startTime="2026-07-24T08:46:20.0027572+06:00" endTime="2026-07-24T08:46:20.0029144+06:00" testType="13cdc9d9-ddb5-4fa4-a97d-d965ccfc6d4b" outcome="Passed" testListId="8c84fa94-04c1-424b-9868-57a2d4851a1d" relativeResultsDirectory="af8bb996-2309-467a-a586-6bea08d7f67d" />
    <UnitTestResult executionId="d048049c-5e50-4c20-9abc-772c6a857b14" testId="52628cc9-4946-402b-588a-d45ffc010b1a" testName="talentacquisition_jobplacement_mvc.Tests.AccessRuleEvaluatorTests.EvaluateRules_EmptyRules_ReturnsTrue" computerName="DESKTOP-79PFN7J" duration="00:00:00.0001822" startTime="2026-07-24T08:46:20.0395671+06:00" endTime="2026-07-24T08:46:20.0396196+06:00" testType="13cdc9d9-ddb5-4fa4-a97d-d965ccfc6d4b" outcome="Passed" testListId="8c84fa94-04c1-424b-9868-57a2d4851a1d" relativeResultsDirectory="d048049c-5e50-4c20-9abc-772c6a857b14" />
    <UnitTestResult executionId="203abcc3-dbd9-4d5b-8a47-b2aa9f3ac3b7" testId="bf7e859c-2fe7-d57d-50a5-728cc64ff623" testName="talentacquisition_jobplacement_mvc.Tests.AccessRuleEvaluatorTests.EvaluateRules_MultipleRulesAND_AllMustBeTrue" computerName="DESKTOP-79PFN7J" duration="00:00:00.0006548" startTime="2026-07-24T08:46:20.0397543+06:00" endTime="2026-07-24T08:46:20.0402633+06:00" testType="13cdc9d9-ddb5-4fa4-a97d-d965ccfc6d4b" outcome="Passed" testListId="8c84fa94-04c1-424b-9868-57a2d4851a1d" relativeResultsDirectory="203abcc3-dbd9-4d5b-8a47-b2aa9f3ac3b7" />
    <UnitTestResult executionId="49a43edc-72ad-40dc-bded-f94001c4f628" testId="04f7929b-614e-7832-ce69-81f42dcc44cc" testName="talentacquisition_jobplacement_mvc.Tests.AccessRuleEvaluatorTests.EvaluateRules_NumericGreaterThan_CorrectComparison" computerName="DESKTOP-79PFN7J" duration="00:00:00.0070268" startTime="2026-07-24T08:46:20.0324278+06:00" endTime="2026-07-24T08:46:20.0392807+06:00" testType="13cdc9d9-ddb5-4fa4-a97d-d965ccfc6d4b" outcome="Passed" testListId="8c84fa94-04c1-424b-9868-57a2d4851a1d" relativeResultsDirectory="49a43edc-72ad-40dc-bded-f94001c4f628" />
    <UnitTestResult executionId="5370aa0b-6ac6-45ec-aed1-35a4d19861b3" testId="25349eb3-4562-809b-5ae1-5fda599ac0b2" testName="talentacquisition_jobplacement_mvc.Tests.AccessRuleEvaluatorTests.EvaluateRules_StringEquality_CorrectComparison" computerName="DESKTOP-79PFN7J" duration="00:00:00.0001648" startTime="2026-07-24T08:46:20.0404352+06:00" endTime="2026-07-24T08:46:20.0405000+06:00" testType="13cdc9d9-ddb5-4fa4-a97d-d965ccfc6d4b" outcome="Passed" testListId="8c84fa94-04c1-424b-9868-57a2d4851a1d" relativeResultsDirectory="5370aa0b-6ac6-45ec-aed1-35a4d19861b3" />
  </Results>
  <TestDefinitions>
    <UnitTest name="talentacquisition_jobplacement_mvc.Tests.AccessRuleEvaluatorTests.EvaluateRules_MissingAttribute_ReturnsFalse" storage="c:\users\mdraiyanalam\.copilot\repos\copilot-worktrees\itransition-courseproject-talentacquisition_jobplacement_mvc\mdraiyanalam95-super-giggle\bin\debug\net8.0\talentacquisition_jobplacement_mvc.dll" id="33ebbce0-19de-5db7-a5ae-96c365d0b37c">
      <Execution id="672ef7c9-4c78-4c68-be52-68672400ede3" />
      <TestMethod codeBase="C:\Users\mdraiyanalam\.copilot\repos\copilot-worktrees\itransition-courseproject-talentacquisition_jobplacement_mvc\mdraiyanalam95-super-giggle\bin\Debug\net8.0\talentacquisition_jobplacement_mvc.dll" adapterTypeName="executor://xunit/VsTestRunner3/netcore/" className="talentacquisition_jobplacement_mvc.Tests.AccessRuleEvaluatorTests" name="EvaluateRules_MissingAttribute_ReturnsFalse" />
    </UnitTest>
    <UnitTest name="talentacquisition_jobplacement_mvc.Tests.CVManagementTests.IsOneCVPerPosition_DuplicateAttempt_ShouldPrevent" storage="c:\users\mdraiyanalam\.copilot\repos\copilot-worktrees\itransition-courseproject-talentacquisition_jobplacement_mvc\mdraiyanalam95-super-giggle\bin\debug\net8.0\talentacquisition_jobplacement_mvc.dll" id="33bf8acd-65ad-df9d-ba24-48f135eebde4">
      <Execution id="af8bb996-2309-467a-a586-6bea08d7f67d" />
      <TestMethod codeBase="C:\Users\mdraiyanalam\.copilot\repos\copilot-worktrees\itransition-courseproject-talentacquisition_jobplacement_mvc\mdraiyanalam95-super-giggle\bin\Debug\net8.0\talentacquisition_jobplacement_mvc.dll" adapterTypeName="executor://xunit/VsTestRunner3/netcore/" className="talentacquisition_jobplacement_mvc.Tests.CVManagementTests" name="IsOneCVPerPosition_DuplicateAttempt_ShouldPrevent" />
    </UnitTest>
    <UnitTest name="talentacquisition_jobplacement_mvc.Tests.AccessRuleEvaluatorTests.EvaluateRules_MultipleRulesAND_AllMustBeTrue" storage="c:\users\mdraiyanalam\.copilot\repos\copilot-worktrees\itransition-courseproject-talentacquisition_jobplacement_mvc\mdraiyanalam95-super-giggle\bin\debug\net8.0\talentacquisition_jobplacement_mvc.dll" id="bf7e859c-2fe7-d57d-50a5-728cc64ff623">
      <Execution id="203abcc3-dbd9-4d5b-8a47-b2aa9f3ac3b7" />
      <TestMethod codeBase="C:\Users\mdraiyanalam\.copilot\repos\copilot-worktrees\itransition-courseproject-talentacquisition_jobplacement_mvc\mdraiyanalam95-super-giggle\bin\Debug\net8.0\talentacquisition_jobplacement_mvc.dll" adapterTypeName="executor://xunit/VsTestRunner3/netcore/" className="talentacquisition_jobplacement_mvc.Tests.AccessRuleEvaluatorTests" name="EvaluateRules_MultipleRulesAND_AllMustBeTrue" />
    </UnitTest>
    <UnitTest name="talentacquisition_jobplacement_mvc.Tests.CVManagementTests.CVPublication_AllFieldsFilled_ShouldAllow" storage="c:\users\mdraiyanalam\.copilot\repos\copilot-worktrees\itransition-courseproject-talentacquisition_jobplacement_mvc\mdraiyanalam95-super-giggle\bin\debug\net8.0\talentacquisition_jobplacement_mvc.dll" id="4e0b13d5-32c0-a620-eefd-0f5938f5a43f">
      <Execution id="9ba88d3f-b836-4f4c-b085-16ad201d5b3f" />
      <TestMethod codeBase="C:\Users\mdraiyanalam\.copilot\repos\copilot-worktrees\itransition-courseproject-talentacquisition_jobplacement_mvc\mdraiyanalam95-super-giggle\bin\Debug\net8.0\talentacquisition_jobplacement_mvc.dll" adapterTypeName="executor://xunit/VsTestRunner3/netcore/" className="talentacquisition_jobplacement_mvc.Tests.CVManagementTests" name="CVPublication_AllFieldsFilled_ShouldAllow" />
    </UnitTest>
    <UnitTest name="talentacquisition_jobplacement_mvc.Tests.AccessRuleEvaluatorTests.EvaluateRules_StringEquality_CorrectComparison" storage="c:\users\mdraiyanalam\.copilot\repos\copilot-worktrees\itransition-courseproject-talentacquisition_jobplacement_mvc\mdraiyanalam95-super-giggle\bin\debug\net8.0\talentacquisition_jobplacement_mvc.dll" id="25349eb3-4562-809b-5ae1-5fda599ac0b2">
      <Execution id="5370aa0b-6ac6-45ec-aed1-35a4d19861b3" />
      <TestMethod codeBase="C:\Users\mdraiyanalam\.copilot\repos\copilot-worktrees\itransition-courseproject-talentacquisition_jobplacement_mvc\mdraiyanalam95-super-giggle\bin\Debug\net8.0\talentacquisition_jobplacement_mvc.dll" adapterTypeName="executor://xunit/VsTestRunner3/netcore/" className="talentacquisition_jobplacement_mvc.Tests.AccessRuleEvaluatorTests" name="EvaluateRules_StringEquality_CorrectComparison" />
    </UnitTest>
    <UnitTest name="talentacquisition_jobplacement_mvc.Tests.AccessRuleEvaluatorTests.EvaluateRules_EmptyRules_ReturnsTrue" storage="c:\users\mdraiyanalam\.copilot\repos\copilot-worktrees\itransition-courseproject-talentacquisition_jobplacement_mvc\mdraiyanalam95-super-giggle\bin\debug\net8.0\talentacquisition_jobplacement_mvc.dll" id="52628cc9-4946-402b-588a-d45ffc010b1a">
      <Execution id="d048049c-5e50-4c20-9abc-772c6a857b14" />
      <TestMethod codeBase="C:\Users\mdraiyanalam\.copilot\repos\copilot-worktrees\itransition-courseproject-talentacquisition_jobplacement_mvc\mdraiyanalam95-super-giggle\bin\Debug\net8.0\talentacquisition_jobplacement_mvc.dll" adapterTypeName="executor://xunit/VsTestRunner3/netcore/" className="talentacquisition_jobplacement_mvc.Tests.AccessRuleEvaluatorTests" name="EvaluateRules_EmptyRules_ReturnsTrue" />
    </UnitTest>
    <UnitTest name="talentacquisition_jobplacement_mvc.Tests.AccessRuleEvaluatorTests.EvaluateRules_NumericGreaterThan_CorrectComparison" storage="c:\users\mdraiyanalam\.copilot\repos\copilot-worktrees\itransition-courseproject-talentacquisition_jobplacement_mvc\mdraiyanalam95-super-giggle\bin\debug\net8.0\talentacquisition_jobplacement_mvc.dll" id="04f7929b-614e-7832-ce69-81f42dcc44cc">
      <Execution id="49a43edc-72ad-40dc-bded-f94001c4f628" />
      <TestMethod codeBase="C:\Users\mdraiyanalam\.copilot\repos\copilot-worktrees\itransition-courseproject-talentacquisition_jobplacement_mvc\mdraiyanalam95-super-giggle\bin\Debug\net8.0\talentacquisition_jobplacement_mvc.dll" adapterTypeName="executor://xunit/VsTestRunner3/netcore/" className="talentacquisition_jobplacement_mvc.Tests.AccessRuleEvaluatorTests" name="EvaluateRules_NumericGreaterThan_CorrectComparison" />
    </UnitTest>
  </TestDefinitions>
  <TestEntries>
    <TestEntry testId="33ebbce0-19de-5db7-a5ae-96c365d0b37c" executionId="672ef7c9-4c78-4c68-be52-68672400ede3" testListId="8c84fa94-04c1-424b-9868-57a2d4851a1d" />
    <TestEntry testId="4e0b13d5-32c0-a620-eefd-0f5938f5a43f" executionId="9ba88d3f-b836-4f4c-b085-16ad201d5b3f" testListId="8c84fa94-04c1-424b-9868-57a2d4851a1d" />
    <TestEntry testId="33bf8acd-65ad-df9d-ba24-48f135eebde4" executionId="af8bb996-2309-467a-a586-6bea08d7f67d" testListId="8c84fa94-04c1-424b-9868-57a2d4851a1d" />
    <TestEntry testId="52628cc9-4946-402b-588a-d45ffc010b1a" executionId="d048049c-5e50-4c20-9abc-772c6a857b14" testListId="8c84fa94-04c1-424b-9868-57a2d4851a1d" />
    <TestEntry testId="bf7e859c-2fe7-d57d-50a5-728cc64ff623" executionId="203abcc3-dbd9-4d5b-8a47-b2aa9f3ac3b7" testListId="8c84fa94-04c1-424b-9868-57a2d4851a1d" />
    <TestEntry testId="04f7929b-614e-7832-ce69-81f42dcc44cc" executionId="49a43edc-72ad-40dc-bded-f94001c4f628" testListId="8c84fa94-04c1-424b-9868-57a2d4851a1d" />
    <TestEntry testId="25349eb3-4562-809b-5ae1-5fda599ac0b2" executionId="5370aa0b-6ac6-45ec-aed1-35a4d19861b3" testListId="8c84fa94-04c1-424b-9868-57a2d4851a1d" />
  </TestEntries>
  <TestLists>
    <TestList name="Results Not in a List" id="8c84fa94-04c1-424b-9868-57a2d4851a1d" />
    <TestList name="All Loaded Results" id="19431567-8539-422a-85d7-44ee4e166bda" />
  </TestLists>
  <ResultSummary outcome="Completed">
    <Counters total="7" executed="7" passed="7" failed="0" error="0" timeout="0" aborted="0" inconclusive="0" passedButRunAborted="0" notRunnable="0" notExecuted="0" disconnected="0" warning="0" completed="0" inProgress="0" pending="0" />
    <Output>
      <StdOut>[xUnit.net 00:00:00.00] xUnit.net VSTest Adapter v3.1.5+1b188a7b0a (64-bit .NET 8.0.29)&#xD;
[xUnit.net 00:00:00.82]   Discovering: talentacquisition_jobplacement_mvc&#xD;
[xUnit.net 00:00:00.91]   Discovered:  talentacquisition_jobplacement_mvc&#xD;
[xUnit.net 00:00:00.94]   Starting:    talentacquisition_jobplacement_mvc&#xD;
[xUnit.net 00:00:01.22]   Finished:    talentacquisition_jobplacement_mvc&#xD;
</StdOut>
    </Output>
  </ResultSummary>
</TestRun>